<?xml version="1.0" encoding="UTF-8"?>
<!-- Generated by org.testng.reporters.JUnitReportReporter -->
<testsuite hostname="MyComputer" failures="0" tests="1" name="testcases.TC_004_TotalBlocked" time="0.024" errors="0" timestamp="2020-02-13T15:11:56 EST" skipped="0">
  <testcase classname="testcases.TC_004_TotalBlocked" name="readJson" time="0.024"/>
</testsuite> <!-- testcases.TC_004_TotalBlocked -->
