<?xml version="1.0" encoding="UTF-8"?>
<!-- Generated by org.testng.reporters.JUnitReportReporter -->
<testsuite hostname="MyComputer" failures="0" tests="1" name="testcases.TC_002_TotalPassed" time="0.019" errors="0" timestamp="2020-02-13T15:10:59 EST" skipped="0">
  <testcase classname="testcases.TC_002_TotalPassed" name="readJson" time="0.019"/>
</testsuite> <!-- testcases.TC_002_TotalPassed -->
