<?xml version="1.0" encoding="UTF-8"?>
<!-- Generated by org.testng.reporters.JUnitReportReporter -->
<testsuite hostname="MyComputer" failures="0" tests="1" name="testcases.TC_001_TestSuiteName" time="0.015" errors="0" timestamp="2020-02-13T13:26:07 EST" skipped="0">
  <testcase classname="testcases.TC_001_TestSuiteName" name="readJson" time="0.015"/>
</testsuite> <!-- testcases.TC_001_TestSuiteName -->
