<?xml version="1.0" encoding="UTF-8"?>
<!-- Generated by org.testng.reporters.JUnitReportReporter -->
<testsuite hostname="MyComputer" failures="0" tests="1" name="testcases.TC_005_TotalResult" time="0.018" errors="0" timestamp="2020-02-13T15:12:17 EST" skipped="0">
  <testcase classname="testcases.TC_005_TotalResult" name="readJson" time="0.018"/>
</testsuite> <!-- testcases.TC_005_TotalResult -->
