<?xml version="1.0" encoding="UTF-8"?>
<!-- Generated by org.testng.reporters.JUnitReportReporter -->
<testsuite hostname="MyComputer" failures="0" tests="1" name="testcases.TC_003_TotalFailed" time="0.020" errors="0" timestamp="2020-02-13T15:11:42 EST" skipped="0">
  <testcase classname="testcases.TC_003_TotalFailed" name="readJson" time="0.020"/>
</testsuite> <!-- testcases.TC_003_TotalFailed -->
